type: action_completed
time: 0
host: ""
event: ~

type: action_completed
time: 0
host: ""
event: ~

type: action_completed
time: 0
host: ""
event: ~

type: action_completed
time: 0
host: ""
event: ~

type: action_completed
time: 0
host: ""
event: ~

type: action_completed
time: 0
host: ""
event: ~

type: action_completed
time: 0
host: ""
event: ~

type: action_completed
time: 0
host: ""
event: ~

type: action_completed
time: 0
host: ""
event: ~

type: action_completed
time: 0
host: ""
event: ~

type: action_completed
time: 0
host: ""
event: ~

type: action_completed
time: 0
host: ""
event: ~

type: action_completed
time: 0
host: ""
event: ~

type: action_completed
time: 0
host: ""
event: ~

type: action_completed
time: 0
host: ""
event: ~

type: action_completed
time: 0
host: ""
event: ~

type: action_completed
time: 0
host: ""
event: ~

type: action_completed
time: 0
host: ""
event: ~

type: action_completed
time: 0
host: ""
event: ~

type: action_completed
time: 0
host: ""
event: ~

type: action_completed
time: 0
host: ""
event: ~

type: action_completed
time: 0
host: ""
event: ~

type: action_completed
time: 0
host: ""
event: ~

type: action_completed
time: 0
host: ""
event: ~

type: action_completed
time: 0
host: ""
event: ~

type: action_completed
time: 0
host: ""
event: ~

type: action_completed
time: 0
host: ""
event: ~

type: action_completed
time: 0
host: ""
event: ~

type: action_completed
time: 0
host: ""
event: ~

type: action_completed
time: 0
host: ""
event: ~

type: action_completed
time: 0
host: ""
event: ~

type: action_completed
time: 0
host: ""
event: ~

type: action_completed
time: 0
host: ""
event: ~

type: action_completed
time: 0
host: ""
event: ~

type: action_completed
time: 0
host: ""
event: ~

type: action_completed
time: 0
host: ""
event: ~

type: action_completed
time: 0
host: ""
event: ~

type: action_completed
time: 0
host: ""
event: ~

type: action_completed
time: 0
host: ""
event: ~

type: action_completed
time: 0
host: ""
event: ~

type: action_completed
time: 0
host: ""
event: ~

type: action_completed
time: 0
host: ""
event: ~

type: action_completed
time: 0
host: ""
event: ~

type: action_completed
time: 0
host: ""
event: ~

type: action_completed
time: 0
host: ""
event: ~

type: action_completed
time: 0
host: ""
event: ~

type: action_completed
time: 0
host: ""
event: ~

type: action_completed
time: 0
host: ""
event: ~

type: action_completed
time: 0
host: ""
event: ~

type: action_completed
time: 0
host: ""
event: ~

type: action_completed
time: 0
host: ""
event: ~

type: action_completed
time: 0
host: ""
event: ~

type: action_completed
time: 0
host: ""
event: ~

type: action_completed
time: 0
host: ""
event: ~

type: action_completed
time: 0
host: ""
event: ~

type: action_completed
time: 0
host: ""
event: ~

type: action_completed
time: 0
host: ""
event: ~

type: action_completed
time: 0
host: ""
event: ~

type: action_completed
time: 0
host: ""
event: ~

type: action_completed
time: 0
host: ""
event: ~

type: action_completed
time: 0
host: ""
event: ~

type: action_completed
time: 0
host: ""
event: ~

type: action_completed
time: 0
host: ""
event: ~

type: action_completed
time: 0
host: ""
event: ~

type: action_completed
time: 0
host: ""
event: ~

type: task_started
time: 0
host: 0_VM
event:
  task_id: 2
  host_id: 6

type: task_started
time: 0
host: 0_VM
event:
  task_id: 47
  host_id: 43

type: task_finished
time: 5.2875
host: 43_VM
event:
  task_id: 47
  host_id: 43

type: transfer_started
time: 5.28752602
host: 43_VM
event:
  file_id: 100
  sender: 43
  receiver: 2

type: transfer_started
time: 5.28755204
host: 43_VM
event:
  file_id: 100
  sender: 43
  receiver: 31

type: transfer_started
time: 5.28757806
host: 43_VM
event:
  file_id: 100
  sender: 43
  receiver: 15

type: transfer_started
time: 5.287604079999999
host: 43_VM
event:
  file_id: 100
  sender: 43
  receiver: 24

type: transfer_started
time: 5.287630099999999
host: 43_VM
event:
  file_id: 100
  sender: 43
  receiver: 13

type: transfer_started
time: 5.287656119999999
host: 43_VM
event:
  file_id: 100
  sender: 43
  receiver: 16

type: transfer_started
time: 5.287682139999999
host: 43_VM
event:
  file_id: 100
  sender: 43
  receiver: 0

type: transfer_started
time: 5.287708159999999
host: 43_VM
event:
  file_id: 100
  sender: 43
  receiver: 17

type: transfer_started
time: 5.287734179999999
host: 43_VM
event:
  file_id: 100
  sender: 43
  receiver: 17

type: transfer_started
time: 5.287760199999999
host: 43_VM
event:
  file_id: 100
  sender: 43
  receiver: 22

type: transfer_started
time: 5.287786219999999
host: 43_VM
event:
  file_id: 100
  sender: 43
  receiver: 56

type: transfer_started
time: 5.287812239999999
host: 43_VM
event:
  file_id: 100
  sender: 43
  receiver: 6

type: transfer_started
time: 5.287838259999999
host: 43_VM
event:
  file_id: 100
  sender: 43
  receiver: 55

type: transfer_started
time: 5.287864279999999
host: 43_VM
event:
  file_id: 100
  sender: 43
  receiver: 31

type: transfer_started
time: 5.287890299999999
host: 43_VM
event:
  file_id: 100
  sender: 43
  receiver: 48

type: transfer_started
time: 5.287916319999999
host: 43_VM
event:
  file_id: 100
  sender: 43
  receiver: 37

type: transfer_started
time: 5.287942339999999
host: 43_VM
event:
  file_id: 100
  sender: 43
  receiver: 10

type: transfer_started
time: 5.287968359999999
host: 43_VM
event:
  file_id: 100
  sender: 43
  receiver: 17

type: transfer_started
time: 5.287994379999999
host: 43_VM
event:
  file_id: 100
  sender: 43
  receiver: 49

type: transfer_started
time: 5.288020399999999
host: 43_VM
event:
  file_id: 100
  sender: 43
  receiver: 22

type: transfer_started
time: 5.288046419999999
host: 43_VM
event:
  file_id: 100
  sender: 43
  receiver: 17

type: transfer_started
time: 5.288072439999999
host: 43_VM
event:
  file_id: 100
  sender: 43
  receiver: 35

type: transfer_started
time: 5.288098459999999
host: 43_VM
event:
  file_id: 100
  sender: 43
  receiver: 5

type: transfer_started
time: 5.288124479999999
host: 43_VM
event:
  file_id: 100
  sender: 43
  receiver: 26

type: transfer_started
time: 5.288150499999999
host: 43_VM
event:
  file_id: 100
  sender: 43
  receiver: 4

type: transfer_started
time: 5.288176519999999
host: 43_VM
event:
  file_id: 100
  sender: 43
  receiver: 17

type: transfer_started
time: 5.288202539999999
host: 43_VM
event:
  file_id: 101
  sender: 43
  receiver: 2

type: transfer_started
time: 5.288228559999999
host: 43_VM
event:
  file_id: 101
  sender: 43
  receiver: 31

type: transfer_started
time: 5.288254579999998
host: 43_VM
event:
  file_id: 101
  sender: 43
  receiver: 15

type: transfer_started
time: 5.288280599999998
host: 43_VM
event:
  file_id: 101
  sender: 43
  receiver: 24

type: transfer_started
time: 5.288306619999998
host: 43_VM
event:
  file_id: 101
  sender: 43
  receiver: 13

type: transfer_started
time: 5.288332639999998
host: 43_VM
event:
  file_id: 101
  sender: 43
  receiver: 16

type: transfer_started
time: 5.288358659999998
host: 43_VM
event:
  file_id: 101
  sender: 43
  receiver: 0

type: transfer_started
time: 5.288384679999998
host: 43_VM
event:
  file_id: 101
  sender: 43
  receiver: 17

type: transfer_started
time: 5.288410699999998
host: 43_VM
event:
  file_id: 101
  sender: 43
  receiver: 17

type: transfer_started
time: 5.288436719999998
host: 43_VM
event:
  file_id: 101
  sender: 43
  receiver: 22

type: transfer_started
time: 5.288462739999998
host: 43_VM
event:
  file_id: 101
  sender: 43
  receiver: 56

type: transfer_started
time: 5.288488759999998
host: 43_VM
event:
  file_id: 101
  sender: 43
  receiver: 6

type: transfer_started
time: 5.288514779999998
host: 43_VM
event:
  file_id: 101
  sender: 43
  receiver: 55

type: transfer_started
time: 5.288540799999998
host: 43_VM
event:
  file_id: 101
  sender: 43
  receiver: 31

type: transfer_started
time: 5.288566819999998
host: 43_VM
event:
  file_id: 101
  sender: 43
  receiver: 48

type: transfer_started
time: 5.288592839999998
host: 43_VM
event:
  file_id: 101
  sender: 43
  receiver: 37

type: transfer_started
time: 5.288618859999998
host: 43_VM
event:
  file_id: 101
  sender: 43
  receiver: 10

type: transfer_started
time: 5.288644879999998
host: 43_VM
event:
  file_id: 101
  sender: 43
  receiver: 17

type: transfer_started
time: 5.288670899999998
host: 43_VM
event:
  file_id: 101
  sender: 43
  receiver: 49

type: transfer_started
time: 5.288696919999998
host: 43_VM
event:
  file_id: 101
  sender: 43
  receiver: 22

type: transfer_started
time: 5.288722939999998
host: 43_VM
event:
  file_id: 101
  sender: 43
  receiver: 17

type: transfer_started
time: 5.288748959999998
host: 43_VM
event:
  file_id: 101
  sender: 43
  receiver: 35

type: transfer_started
time: 5.288774979999998
host: 43_VM
event:
  file_id: 101
  sender: 43
  receiver: 5

type: transfer_started
time: 5.288800999999998
host: 43_VM
event:
  file_id: 101
  sender: 43
  receiver: 26

type: transfer_started
time: 5.288827019999998
host: 43_VM
event:
  file_id: 101
  sender: 43
  receiver: 4

type: transfer_started
time: 5.288853039999998
host: 43_VM
event:
  file_id: 101
  sender: 43
  receiver: 17

type: task_finished
time: 8.986999999999998
host: 6_VM
event:
  task_id: 2
  host_id: 6

type: transfer_started
time: 8.987026019999998
host: 6_VM
event:
  file_id: 54
  sender: 6
  receiver: 29

type: transfer_started
time: 8.987052039999998
host: 6_VM
event:
  file_id: 54
  sender: 6
  receiver: 40

type: transfer_started
time: 8.987078059999998
host: 6_VM
event:
  file_id: 54
  sender: 6
  receiver: 9

type: transfer_started
time: 8.987104079999998
host: 6_VM
event:
  file_id: 54
  sender: 6
  receiver: 7

type: transfer_started
time: 8.987130099999998
host: 6_VM
event:
  file_id: 54
  sender: 6
  receiver: 2

type: transfer_started
time: 8.987156119999998
host: 6_VM
event:
  file_id: 54
  sender: 6
  receiver: 63

type: transfer_started
time: 8.987182139999998
host: 6_VM
event:
  file_id: 54
  sender: 6
  receiver: 2

type: transfer_started
time: 8.987208159999998
host: 6_VM
event:
  file_id: 54
  sender: 6
  receiver: 36

type: transfer_started
time: 8.987234179999998
host: 6_VM
event:
  file_id: 54
  sender: 6
  receiver: 58

type: transfer_started
time: 8.987260199999998
host: 6_VM
event:
  file_id: 54
  sender: 6
  receiver: 54

type: transfer_started
time: 8.987286219999998
host: 6_VM
event:
  file_id: 54
  sender: 6
  receiver: 23

type: transfer_started
time: 8.987312239999998
host: 6_VM
event:
  file_id: 54
  sender: 6
  receiver: 61

type: transfer_started
time: 8.987338259999998
host: 6_VM
event:
  file_id: 54
  sender: 6
  receiver: 20

type: transfer_started
time: 8.987364279999998
host: 6_VM
event:
  file_id: 54
  sender: 6
  receiver: 42

type: transfer_started
time: 8.987390299999998
host: 6_VM
event:
  file_id: 54
  sender: 6
  receiver: 13

type: transfer_started
time: 8.987416319999998
host: 6_VM
event:
  file_id: 54
  sender: 6
  receiver: 57

type: transfer_started
time: 8.987442339999998
host: 6_VM
event:
  file_id: 54
  sender: 6
  receiver: 21

type: transfer_started
time: 8.987468359999998
host: 6_VM
event:
  file_id: 54
  sender: 6
  receiver: 24

type: transfer_started
time: 8.987494379999998
host: 6_VM
event:
  file_id: 54
  sender: 6
  receiver: 55

type: transfer_started
time: 8.987520399999998
host: 6_VM
event:
  file_id: 54
  sender: 6
  receiver: 49

type: transfer_started
time: 8.987546419999997
host: 6_VM
event:
  file_id: 54
  sender: 6
  receiver: 44

type: transfer_started
time: 8.987572439999997
host: 6_VM
event:
  file_id: 54
  sender: 6
  receiver: 47

type: transfer_started
time: 8.987598459999997
host: 6_VM
event:
  file_id: 55
  sender: 6
  receiver: 29

type: transfer_started
time: 8.987624479999997
host: 6_VM
event:
  file_id: 55
  sender: 6
  receiver: 40

type: transfer_started
time: 8.987650499999997
host: 6_VM
event:
  file_id: 55
  sender: 6
  receiver: 9

type: transfer_started
time: 8.987676519999997
host: 6_VM
event:
  file_id: 55
  sender: 6
  receiver: 7

type: transfer_started
time: 8.987702539999997
host: 6_VM
event:
  file_id: 55
  sender: 6
  receiver: 2

type: transfer_started
time: 8.987728559999997
host: 6_VM
event:
  file_id: 55
  sender: 6
  receiver: 63

type: transfer_started
time: 8.987754579999997
host: 6_VM
event:
  file_id: 55
  sender: 6
  receiver: 2

type: transfer_started
time: 8.987780599999997
host: 6_VM
event:
  file_id: 55
  sender: 6
  receiver: 36

type: transfer_started
time: 8.987806619999997
host: 6_VM
event:
  file_id: 55
  sender: 6
  receiver: 58

type: transfer_started
time: 8.987832639999997
host: 6_VM
event:
  file_id: 55
  sender: 6
  receiver: 54

type: transfer_started
time: 8.987858659999997
host: 6_VM
event:
  file_id: 55
  sender: 6
  receiver: 23

type: transfer_started
time: 8.987884679999997
host: 6_VM
event:
  file_id: 55
  sender: 6
  receiver: 61

type: transfer_started
time: 8.987910699999997
host: 6_VM
event:
  file_id: 55
  sender: 6
  receiver: 20

type: transfer_started
time: 8.987936719999997
host: 6_VM
event:
  file_id: 55
  sender: 6
  receiver: 42

type: transfer_started
time: 8.987962739999997
host: 6_VM
event:
  file_id: 55
  sender: 6
  receiver: 13

type: transfer_started
time: 8.987988759999997
host: 6_VM
event:
  file_id: 55
  sender: 6
  receiver: 57

type: transfer_started
time: 8.988014779999997
host: 6_VM
event:
  file_id: 55
  sender: 6
  receiver: 21

type: transfer_started
time: 8.988040799999997
host: 6_VM
event:
  file_id: 55
  sender: 6
  receiver: 24

type: transfer_started
time: 8.988066819999997
host: 6_VM
event:
  file_id: 55
  sender: 6
  receiver: 55

type: transfer_started
time: 8.988092839999997
host: 6_VM
event:
  file_id: 55
  sender: 6
  receiver: 49

type: transfer_started
time: 8.988118859999997
host: 6_VM
event:
  file_id: 55
  sender: 6
  receiver: 44

type: transfer_started
time: 8.988144879999997
host: 6_VM
event:
  file_id: 55
  sender: 6
  receiver: 47

type: transfer_finished
time: 20.26524795748723
host: 2_VM
event:
  file_id: 100
  sender: 43
  receiver: 2

type: transfer_finished
time: 20.26657497748723
host: 43_VM
event:
  file_id: 100
  sender: 43
  receiver: 31

type: transfer_finished
time: 20.26722547748723
host: 43_VM
event:
  file_id: 100
  sender: 43
  receiver: 15

type: transfer_finished
time: 20.26765047082056
host: 43_VM
event:
  file_id: 100
  sender: 43
  receiver: 24

type: transfer_finished
time: 20.26796271082056
host: 43_VM
event:
  file_id: 100
  sender: 43
  receiver: 13

type: transfer_finished
time: 20.26820729882056
host: 43_VM
event:
  file_id: 100
  sender: 43
  receiver: 16

type: transfer_finished
time: 20.26840678548722
host: 43_VM
event:
  file_id: 100
  sender: 43
  receiver: 0

type: transfer_finished
time: 20.26857388795476
host: 43_VM
event:
  file_id: 100
  sender: 43
  receiver: 17

type: transfer_finished
time: 20.26871670227294
host: 43_VM
event:
  file_id: 100
  sender: 43
  receiver: 17

type: transfer_finished
time: 20.26884062580829
host: 43_VM
event:
  file_id: 100
  sender: 43
  receiver: 22

type: transfer_finished
time: 20.26894943671738
host: 43_VM
event:
  file_id: 100
  sender: 43
  receiver: 56

type: transfer_finished
time: 20.26908888307885
host: 43_VM
event:
  file_id: 100
  sender: 43
  receiver: 6

type: transfer_finished
time: 20.269133304472
host: 43_VM
event:
  file_id: 100
  sender: 43
  receiver: 55

type: transfer_finished
time: 20.26921109153494
host: 43_VM
event:
  file_id: 100
  sender: 43
  receiver: 31

type: transfer_finished
time: 20.26928142156741
host: 43_VM
event:
  file_id: 100
  sender: 43
  receiver: 48

type: transfer_finished
time: 20.26934528884014
host: 43_VM
event:
  file_id: 100
  sender: 43
  receiver: 37

type: transfer_finished
time: 20.26940350119809
host: 43_VM
event:
  file_id: 100
  sender: 43
  receiver: 10

type: transfer_finished
time: 20.26945672392536
host: 43_VM
event:
  file_id: 100
  sender: 43
  receiver: 17

type: transfer_finished
time: 20.26950551142536
host: 43_VM
event:
  file_id: 100
  sender: 43
  receiver: 49

type: transfer_finished
time: 20.26955033056412
host: 43_VM
event:
  file_id: 100
  sender: 43
  receiver: 22

type: transfer_finished
time: 20.26959157817775
host: 43_VM
event:
  file_id: 100
  sender: 43
  receiver: 17

type: transfer_finished
time: 20.26962959441152
host: 43_VM
event:
  file_id: 100
  sender: 43
  receiver: 35

type: transfer_finished
time: 20.26966467302722
host: 43_VM
event:
  file_id: 100
  sender: 43
  receiver: 5

type: transfer_finished
time: 20.26969706946991
host: 43_VM
event:
  file_id: 100
  sender: 43
  receiver: 26

type: transfer_finished
time: 20.269727007254
host: 43_VM
event:
  file_id: 100
  sender: 43
  receiver: 4

type: transfer_finished
time: 20.26975468307218
host: 43_VM
event:
  file_id: 100
  sender: 43
  receiver: 17

type: transfer_finished
time: 20.26978027092183
host: 43_VM
event:
  file_id: 101
  sender: 43
  receiver: 2

type: task_started
time: 20.26978027092183
host: 43_VM
event:
  task_id: 48
  host_id: 2

type: transfer_finished
time: 20.26980392546729
host: 43_VM
event:
  file_id: 101
  sender: 43
  receiver: 31

type: task_started
time: 20.26980392546729
host: 43_VM
event:
  task_id: 50
  host_id: 31

type: transfer_finished
time: 20.2698257848017
host: 43_VM
event:
  file_id: 101
  sender: 43
  receiver: 15

type: task_started
time: 20.2698257848017
host: 43_VM
event:
  task_id: 52
  host_id: 15

type: transfer_finished
time: 20.26984597273274
host: 43_VM
event:
  file_id: 101
  sender: 43
  receiver: 24

type: transfer_finished
time: 20.26986460068728
host: 43_VM
event:
  file_id: 101
  sender: 43
  receiver: 13

type: transfer_finished
time: 20.26988176930898
host: 43_VM
event:
  file_id: 101
  sender: 43
  receiver: 16

type: transfer_finished
time: 20.26989756980614
host: 43_VM
event:
  file_id: 101
  sender: 43
  receiver: 0

type: task_started
time: 20.26989756980614
host: 43_VM
event:
  task_id: 60
  host_id: 0

type: transfer_finished
time: 20.2699120850954
host: 43_VM
event:
  file_id: 101
  sender: 43
  receiver: 17

type: transfer_finished
time: 20.26992539077721
host: 43_VM
event:
  file_id: 101
  sender: 43
  receiver: 17

type: transfer_finished
time: 20.26993755597202
host: 43_VM
event:
  file_id: 101
  sender: 43
  receiver: 22

type: transfer_finished
time: 20.2699486440402
host: 43_VM
event:
  file_id: 101
  sender: 43
  receiver: 56

type: task_started
time: 20.2699486440402
host: 43_VM
event:
  task_id: 68
  host_id: 56

type: transfer_finished
time: 20.26996851739142
host: 31_VM
event:
  file_id: 101
  sender: 43
  receiver: 31

type: transfer_finished
time: 20.26996851739142
host: 43_VM
event:
  file_id: 101
  sender: 43
  receiver: 55

type: task_started
time: 20.26996851739142
host: 43_VM
event:
  task_id: 72
  host_id: 55

type: transfer_finished
time: 20.2699846889124
host: 37_VM
event:
  file_id: 101
  sender: 43
  receiver: 37

type: transfer_finished
time: 20.2699846889124
host: 43_VM
event:
  file_id: 101
  sender: 43
  receiver: 48

type: task_started
time: 20.2699846889124
host: 37_VM
event:
  task_id: 78
  host_id: 37

type: task_started
time: 20.2699846889124
host: 43_VM
event:
  task_id: 76
  host_id: 48

type: transfer_finished
time: 20.26999751552786
host: 17_VM
event:
  file_id: 101
  sender: 43
  receiver: 17

type: transfer_finished
time: 20.26999751552786
host: 43_VM
event:
  file_id: 101
  sender: 43
  receiver: 10

type: task_started
time: 20.26999751552786
host: 43_VM
event:
  task_id: 80
  host_id: 10

type: transfer_finished
time: 20.27000730490898
host: 17_VM
event:
  file_id: 101
  sender: 43
  receiver: 17

type: transfer_finished
time: 20.27000730490898
host: 43_VM
event:
  file_id: 101
  sender: 43
  receiver: 22

type: task_started
time: 20.27000730490898
host: 43_VM
event:
  task_id: 86
  host_id: 22

type: transfer_finished
time: 20.27000730490898
host: 43_VM
event:
  file_id: 101
  sender: 43
  receiver: 49

type: task_started
time: 20.27000730490898
host: 43_VM
event:
  task_id: 84
  host_id: 49

type: transfer_finished
time: 20.27001598526282
host: 4_VM
event:
  file_id: 101
  sender: 43
  receiver: 4

type: transfer_finished
time: 20.27001598526282
host: 43_VM
event:
  file_id: 101
  sender: 43
  receiver: 26

type: task_started
time: 20.27001598526282
host: 4_VM
event:
  task_id: 96
  host_id: 4

type: task_started
time: 20.27001598526282
host: 43_VM
event:
  task_id: 94
  host_id: 26

type: transfer_finished
time: 20.27001598526282
host: 43_VM
event:
  file_id: 101
  sender: 43
  receiver: 35

type: task_started
time: 20.27001598526282
host: 43_VM
event:
  task_id: 90
  host_id: 35

type: transfer_finished
time: 20.27001598526282
host: 43_VM
event:
  file_id: 101
  sender: 43
  receiver: 5

type: task_started
time: 20.27001598526282
host: 43_VM
event:
  task_id: 92
  host_id: 5

type: transfer_finished
time: 20.270018136774
host: 43_VM
event:
  file_id: 101
  sender: 43
  receiver: 17

type: task_started
time: 20.270018136774
host: 43_VM
event:
  task_id: 98
  host_id: 17

type: transfer_finished
time: 20.27047254600519
host: 43_VM
event:
  file_id: 101
  sender: 43
  receiver: 6

type: task_started
time: 20.27047254600519
host: 43_VM
event:
  task_id: 70
  host_id: 6

type: task_finished
time: 21.6174725460052
host: 6_VM
event:
  task_id: 70
  host_id: 6

type: transfer_started
time: 21.6174985660052
host: 6_VM
event:
  file_id: 124
  sender: 6
  receiver: 39

type: transfer_started
time: 21.6175245860052
host: 6_VM
event:
  file_id: 124
  sender: 6
  receiver: 46

type: transfer_finished
time: 21.61868002932937
host: 6_VM
event:
  file_id: 124
  sender: 6
  receiver: 39

type: transfer_finished
time: 21.61870604932937
host: 6_VM
event:
  file_id: 124
  sender: 6
  receiver: 46

type: task_started
time: 21.61870604932937
host: 6_VM
event:
  task_id: 71
  host_id: 46

type: task_finished
time: 22.11601598526282
host: 5_VM
event:
  task_id: 92
  host_id: 5

type: transfer_started
time: 22.11604200526282
host: 5_VM
event:
  file_id: 146
  sender: 5
  receiver: 39

type: transfer_finished
time: 22.11605497464427
host: 39_VM
event:
  file_id: 146
  sender: 5
  receiver: 39

type: transfer_started
time: 22.11606798464427
host: 5_VM
event:
  file_id: 146
  sender: 5
  receiver: 38

type: transfer_finished
time: 22.11608095402571
host: 38_VM
event:
  file_id: 146
  sender: 5
  receiver: 38

type: task_started
time: 22.11608095402571
host: 38_VM
event:
  task_id: 93
  host_id: 38

type: task_finished
time: 22.1709486440402
host: 56_VM
event:
  task_id: 68
  host_id: 56

type: transfer_started
time: 22.1709746640402
host: 56_VM
event:
  file_id: 122
  sender: 56
  receiver: 39

type: transfer_finished
time: 22.17098763342164
host: 39_VM
event:
  file_id: 122
  sender: 56
  receiver: 39

type: transfer_started
time: 22.17100064342164
host: 56_VM
event:
  file_id: 122
  sender: 56
  receiver: 34

type: transfer_finished
time: 22.17101361280309
host: 34_VM
event:
  file_id: 122
  sender: 56
  receiver: 34

type: task_finished
time: 22.40201598526282
host: 35_VM
event:
  task_id: 90
  host_id: 35

type: transfer_started
time: 22.40204200526282
host: 35_VM
event:
  file_id: 144
  sender: 35
  receiver: 39

type: transfer_finished
time: 22.40205497464427
host: 39_VM
event:
  file_id: 144
  sender: 35
  receiver: 39

type: transfer_started
time: 22.40206798464427
host: 35_VM
event:
  file_id: 144
  sender: 35
  receiver: 34

type: transfer_finished
time: 22.40208095402571
host: 34_VM
event:
  file_id: 144
  sender: 35
  receiver: 34

type: task_started
time: 22.40208095402571
host: 34_VM
event:
  task_id: 91
  host_id: 34

type: task_finished
time: 22.42270604932936
host: 46_VM
event:
  task_id: 71
  host_id: 46

type: transfer_started
time: 22.42273206932936
host: 46_VM
event:
  file_id: 125
  sender: 46
  receiver: 50

type: transfer_finished
time: 22.42273206932936
host: 50_VM
event:
  file_id: 125
  sender: 46
  receiver: 50

type: task_finished
time: 22.78699751552786
host: 10_VM
event:
  task_id: 80
  host_id: 10

type: transfer_started
time: 22.78702353552786
host: 10_VM
event:
  file_id: 134
  sender: 10
  receiver: 39

type: transfer_finished
time: 22.7870365049093
host: 39_VM
event:
  file_id: 134
  sender: 10
  receiver: 39

type: transfer_started
time: 22.7870495149093
host: 10_VM
event:
  file_id: 134
  sender: 10
  receiver: 56

type: transfer_finished
time: 22.78706248429075
host: 56_VM
event:
  file_id: 134
  sender: 10
  receiver: 56

type: task_started
time: 22.78706248429075
host: 56_VM
event:
  task_id: 81
  host_id: 56

type: task_finished
time: 22.82306248429075
host: 56_VM
event:
  task_id: 81
  host_id: 56

type: transfer_started
time: 22.82308850429075
host: 56_VM
event:
  file_id: 135
  sender: 56
  receiver: 50

type: transfer_finished
time: 22.82308850429075
host: 50_VM
event:
  file_id: 135
  sender: 56
  receiver: 50

type: task_finished
time: 22.92258095402571
host: 38_VM
event:
  task_id: 93
  host_id: 38

type: transfer_started
time: 22.92260697402571
host: 38_VM
event:
  file_id: 147
  sender: 38
  receiver: 50

type: transfer_finished
time: 22.92260697402571
host: 50_VM
event:
  file_id: 147
  sender: 38
  receiver: 50

type: task_finished
time: 22.98039756980614
host: 0_VM
event:
  task_id: 60
  host_id: 0

type: transfer_started
time: 22.98042358980614
host: 0_VM
event:
  file_id: 114
  sender: 0
  receiver: 39

type: transfer_finished
time: 22.98043655918758
host: 39_VM
event:
  file_id: 114
  sender: 0
  receiver: 39

type: transfer_started
time: 22.98044956918758
host: 0_VM
event:
  file_id: 114
  sender: 0
  receiver: 32

type: transfer_finished
time: 22.98046253856903
host: 32_VM
event:
  file_id: 114
  sender: 0
  receiver: 32

type: task_started
time: 22.98046253856903
host: 32_VM
event:
  task_id: 61
  host_id: 32

type: task_finished
time: 23.14501598526282
host: 4_VM
event:
  task_id: 96
  host_id: 4

type: transfer_started
time: 23.14504200526282
host: 4_VM
event:
  file_id: 150
  sender: 4
  receiver: 39

type: transfer_finished
time: 23.14505497464427
host: 39_VM
event:
  file_id: 150
  sender: 4
  receiver: 39

type: transfer_started
time: 23.14506798464427
host: 4_VM
event:
  file_id: 150
  sender: 4
  receiver: 33

type: transfer_finished
time: 23.14508095402571
host: 33_VM
event:
  file_id: 150
  sender: 4
  receiver: 33

type: task_started
time: 23.14508095402571
host: 33_VM
event:
  task_id: 97
  host_id: 33

type: task_finished
time: 23.1863257848017
host: 15_VM
event:
  task_id: 52
  host_id: 15

type: transfer_started
time: 23.1863518048017
host: 15_VM
event:
  file_id: 106
  sender: 15
  receiver: 39

type: transfer_finished
time: 23.18636477418314
host: 39_VM
event:
  file_id: 106
  sender: 15
  receiver: 39

type: transfer_started
time: 23.18637778418314
host: 15_VM
event:
  file_id: 106
  sender: 15
  receiver: 50

type: transfer_finished
time: 23.18639075356459
host: 50_VM
event:
  file_id: 106
  sender: 15
  receiver: 50

type: task_started
time: 23.18639075356459
host: 50_VM
event:
  task_id: 53
  host_id: 50

type: task_finished
time: 23.1979846889124
host: 48_VM
event:
  task_id: 76
  host_id: 48

type: transfer_started
time: 23.1980107089124
host: 48_VM
event:
  file_id: 130
  sender: 48
  receiver: 39

type: transfer_finished
time: 23.19802367829385
host: 39_VM
event:
  file_id: 130
  sender: 48
  receiver: 39

type: transfer_started
time: 23.19803668829385
host: 48_VM
event:
  file_id: 130
  sender: 48
  receiver: 62

type: transfer_finished
time: 23.19804965767529
host: 62_VM
event:
  file_id: 130
  sender: 48
  receiver: 62

type: task_finished
time: 23.21158095402571
host: 34_VM
event:
  task_id: 91
  host_id: 34

type: task_started
time: 23.21158095402571
host: 34_VM
event:
  task_id: 69
  host_id: 34

type: transfer_started
time: 23.21160697402571
host: 34_VM
event:
  file_id: 145
  sender: 34
  receiver: 50

type: transfer_finished
time: 23.21160697402571
host: 50_VM
event:
  file_id: 145
  sender: 34
  receiver: 50

type: task_finished
time: 23.28251598526282
host: 26_VM
event:
  task_id: 94
  host_id: 26

type: transfer_started
time: 23.28254200526282
host: 26_VM
event:
  file_id: 148
  sender: 26
  receiver: 39

type: transfer_finished
time: 23.28255497464427
host: 39_VM
event:
  file_id: 148
  sender: 26
  receiver: 39

type: transfer_started
time: 23.28256798464427
host: 26_VM
event:
  file_id: 148
  sender: 26
  receiver: 52

type: transfer_finished
time: 23.28258095402571
host: 52_VM
event:
  file_id: 148
  sender: 26
  receiver: 52

type: task_started
time: 23.28258095402571
host: 52_VM
event:
  task_id: 95
  host_id: 52

type: task_finished
time: 23.28358095402571
host: 34_VM
event:
  task_id: 69
  host_id: 34

type: transfer_started
time: 23.28360697402571
host: 34_VM
event:
  file_id: 123
  sender: 34
  receiver: 50

type: transfer_finished
time: 23.28360697402571
host: 50_VM
event:
  file_id: 123
  sender: 34
  receiver: 50

type: task_finished
time: 23.4434846889124
host: 37_VM
event:
  task_id: 78
  host_id: 37

type: transfer_started
time: 23.4435107089124
host: 37_VM
event:
  file_id: 132
  sender: 37
  receiver: 39

type: transfer_finished
time: 23.44352367829384
host: 39_VM
event:
  file_id: 132
  sender: 37
  receiver: 39

type: transfer_started
time: 23.44353668829384
host: 37_VM
event:
  file_id: 132
  sender: 37
  receiver: 38

type: transfer_finished
time: 23.44354965767529
host: 38_VM
event:
  file_id: 132
  sender: 37
  receiver: 38

type: task_started
time: 23.44354965767529
host: 38_VM
event:
  task_id: 79
  host_id: 38

type: task_finished
time: 23.51001598526282
host: 17_VM
event:
  task_id: 98
  host_id: 17

type: task_started
time: 23.51001598526282
host: 17_VM
event:
  task_id: 88
  host_id: 17

type: transfer_started
time: 23.51004200526282
host: 17_VM
event:
  file_id: 152
  sender: 17
  receiver: 39

type: transfer_finished
time: 23.51005497464427
host: 39_VM
event:
  file_id: 152
  sender: 17
  receiver: 39

type: transfer_started
time: 23.51006798464427
host: 17_VM
event:
  file_id: 152
  sender: 17
  receiver: 41

type: transfer_finished
time: 23.51008095402571
host: 41_VM
event:
  file_id: 152
  sender: 17
  receiver: 41

type: task_started
time: 23.51008095402571
host: 41_VM
event:
  task_id: 99
  host_id: 41

type: task_finished
time: 23.52104965767529
host: 38_VM
event:
  task_id: 79
  host_id: 38

type: transfer_started
time: 23.52107567767529
host: 38_VM
event:
  file_id: 133
  sender: 38
  receiver: 50

type: transfer_finished
time: 23.52107567767529
host: 50_VM
event:
  file_id: 133
  sender: 38
  receiver: 50

type: task_finished
time: 23.77646253856903
host: 32_VM
event:
  task_id: 61
  host_id: 32

type: transfer_started
time: 23.77648855856903
host: 32_VM
event:
  file_id: 115
  sender: 32
  receiver: 50

type: transfer_finished
time: 23.77648855856903
host: 50_VM
event:
  file_id: 115
  sender: 32
  receiver: 50

type: task_finished
time: 23.90280392546729
host: 31_VM
event:
  task_id: 50
  host_id: 31

type: task_started
time: 23.90280392546729
host: 31_VM
event:
  task_id: 74
  host_id: 31

type: transfer_started
time: 23.90282994546729
host: 31_VM
event:
  file_id: 104
  sender: 31
  receiver: 39

type: transfer_finished
time: 23.90284291484873
host: 39_VM
event:
  file_id: 104
  sender: 31
  receiver: 39

type: transfer_started
time: 23.90285592484873
host: 31_VM
event:
  file_id: 104
  sender: 31
  receiver: 2

type: transfer_finished
time: 23.90287149216832
host: 2_VM
event:
  file_id: 104
  sender: 31
  receiver: 2

type: task_finished
time: 23.93958095402571
host: 33_VM
event:
  task_id: 97
  host_id: 33

type: transfer_started
time: 23.93960697402571
host: 33_VM
event:
  file_id: 151
  sender: 33
  receiver: 50

type: transfer_finished
time: 23.93960697402571
host: 50_VM
event:
  file_id: 151
  sender: 33
  receiver: 50

type: task_finished
time: 23.96049751552786
host: 22_VM
event:
  task_id: 86
  host_id: 22

type: task_started
time: 23.96049751552786
host: 22_VM
event:
  task_id: 66
  host_id: 22

type: transfer_started
time: 23.96052353552786
host: 22_VM
event:
  file_id: 140
  sender: 22
  receiver: 39

type: transfer_finished
time: 23.9605365049093
host: 39_VM
event:
  file_id: 140
  sender: 22
  receiver: 39

type: transfer_started
time: 23.9605495149093
host: 22_VM
event:
  file_id: 140
  sender: 22
  receiver: 53

type: transfer_finished
time: 23.96056248429075
host: 53_VM
event:
  file_id: 140
  sender: 22
  receiver: 53

type: task_started
time: 23.96056248429075
host: 53_VM
event:
  task_id: 87
  host_id: 53

type: task_finished
time: 23.98389075356459
host: 50_VM
event:
  task_id: 53
  host_id: 50

type: transfer_started
time: 23.98391677356459
host: 50_VM
event:
  file_id: 107
  sender: 50
  receiver: 50

type: task_finished
time: 24.07008095402571
host: 52_VM
event:
  task_id: 95
  host_id: 52

type: transfer_started
time: 24.07010697402571
host: 52_VM
event:
  file_id: 149
  sender: 52
  receiver: 50

type: transfer_finished
time: 24.07010697402571
host: 50_VM
event:
  file_id: 149
  sender: 52
  receiver: 50

type: transfer_finished
time: 24.08137155994277
host: 6_VM
event:
  file_id: 54
  sender: 6
  receiver: 29

type: transfer_finished
time: 24.08244738686584
host: 6_VM
event:
  file_id: 54
  sender: 6
  receiver: 40

type: transfer_finished
time: 24.082972790712
host: 6_VM
event:
  file_id: 54
  sender: 6
  receiver: 9

type: transfer_finished
time: 24.08331472019917
host: 6_VM
event:
  file_id: 54
  sender: 6
  receiver: 7

type: transfer_finished
time: 24.08356491250687
host: 6_VM
event:
  file_id: 54
  sender: 6
  receiver: 2

type: transfer_finished
time: 24.08376006250687
host: 6_VM
event:
  file_id: 54
  sender: 6
  receiver: 63

type: transfer_finished
time: 24.08391851763507
host: 6_VM
event:
  file_id: 54
  sender: 6
  receiver: 2

type: transfer_finished
time: 24.08405076214057
host: 6_VM
event:
  file_id: 54
  sender: 6
  receiver: 36

type: transfer_finished
time: 24.08416334867903
host: 6_VM
event:
  file_id: 54
  sender: 6
  receiver: 58

type: transfer_finished
time: 24.08426064568758
host: 6_VM
event:
  file_id: 54
  sender: 6
  receiver: 54

type: transfer_finished
time: 24.08434571107219
host: 6_VM
event:
  file_id: 54
  sender: 6
  receiver: 23

type: transfer_finished
time: 24.0844207687645
host: 6_VM
event:
  file_id: 54
  sender: 6
  receiver: 61

type: transfer_finished
time: 24.08448748671322
host: 6_VM
event:
  file_id: 54
  sender: 6
  receiver: 20

type: transfer_finished
time: 24.08454714795582
host: 6_VM
event:
  file_id: 54
  sender: 6
  receiver: 42

type: transfer_finished
time: 24.08460076059318
host: 6_VM
event:
  file_id: 54
  sender: 6
  receiver: 13

type: transfer_finished
time: 24.084649131106
host: 6_VM
event:
  file_id: 54
  sender: 6
  receiver: 57

type: transfer_finished
time: 24.08469291475985
host: 6_VM
event:
  file_id: 54
  sender: 6
  receiver: 21

type: transfer_finished
time: 24.08473265118519
host: 6_VM
event:
  file_id: 54
  sender: 6
  receiver: 24

type: transfer_finished
time: 24.08476879007408
host: 6_VM
event:
  file_id: 54
  sender: 6
  receiver: 55

type: transfer_finished
time: 24.08480171011456
host: 6_VM
event:
  file_id: 54
  sender: 6
  receiver: 49

type: transfer_finished
time: 24.08483173319149
host: 6_VM
event:
  file_id: 54
  sender: 6
  receiver: 44

type: transfer_finished
time: 24.08485913520614
host: 6_VM
event:
  file_id: 54
  sender: 6
  receiver: 47

type: transfer_finished
time: 24.08488415443691
host: 6_VM
event:
  file_id: 55
  sender: 6
  receiver: 29

type: task_started
time: 24.08488415443691
host: 6_VM
event:
  task_id: 3
  host_id: 29

type: transfer_finished
time: 24.08490699808239
host: 6_VM
event:
  file_id: 55
  sender: 6
  receiver: 40

type: task_started
time: 24.08490699808239
host: 6_VM
event:
  task_id: 5
  host_id: 40

type: transfer_finished
time: 24.08492784744137
host: 6_VM
event:
  file_id: 55
  sender: 6
  receiver: 9

type: task_started
time: 24.08492784744137
host: 6_VM
event:
  task_id: 7
  host_id: 9

type: transfer_finished
time: 24.08494686205675
host: 6_VM
event:
  file_id: 55
  sender: 6
  receiver: 7

type: task_started
time: 24.08494686205675
host: 6_VM
event:
  task_id: 9
  host_id: 7

type: transfer_finished
time: 24.08496418306267
host: 6_VM
event:
  file_id: 55
  sender: 6
  receiver: 2

type: transfer_finished
time: 24.08497993591167
host: 6_VM
event:
  file_id: 55
  sender: 6
  receiver: 63

type: task_started
time: 24.08497993591167
host: 6_VM
event:
  task_id: 13
  host_id: 63

type: transfer_finished
time: 24.08499423261497
host: 6_VM
event:
  file_id: 55
  sender: 6
  receiver: 2

type: transfer_finished
time: 24.0850071735964
host: 6_VM
event:
  file_id: 55
  sender: 6
  receiver: 36

type: task_started
time: 24.0850071735964
host: 6_VM
event:
  task_id: 17
  host_id: 36

type: transfer_finished
time: 24.08501884923743
host: 6_VM
event:
  file_id: 55
  sender: 6
  receiver: 58

type: task_started
time: 24.08501884923743
host: 6_VM
event:
  task_id: 19
  host_id: 58

type: transfer_finished
time: 24.08502934117291
host: 6_VM
event:
  file_id: 55
  sender: 6
  receiver: 54

type: task_started
time: 24.08502934117291
host: 6_VM
event:
  task_id: 21
  host_id: 54

type: transfer_finished
time: 24.08503872338445
host: 61_VM
event:
  file_id: 55
  sender: 6
  receiver: 61

type: transfer_finished
time: 24.08503872338445
host: 6_VM
event:
  file_id: 55
  sender: 6
  receiver: 23

type: task_started
time: 24.08503872338445
host: 61_VM
event:
  task_id: 25
  host_id: 61

type: task_started
time: 24.08503872338445
host: 6_VM
event:
  task_id: 23
  host_id: 23

type: transfer_finished
time: 24.08505366356681
host: 42_VM
event:
  file_id: 55
  sender: 6
  receiver: 42

type: transfer_finished
time: 24.08505366356681
host: 6_VM
event:
  file_id: 55
  sender: 6
  receiver: 20

type: task_started
time: 24.08505366356681
host: 42_VM
event:
  task_id: 29
  host_id: 42

type: task_started
time: 24.08505366356681
host: 6_VM
event:
  task_id: 27
  host_id: 20

type: transfer_finished
time: 24.08506494207719
host: 57_VM
event:
  file_id: 55
  sender: 6
  receiver: 57

type: transfer_finished
time: 24.08506494207719
host: 6_VM
event:
  file_id: 55
  sender: 6
  receiver: 13

type: task_started
time: 24.08506494207719
host: 57_VM
event:
  task_id: 33
  host_id: 57

type: task_started
time: 24.08506494207719
host: 6_VM
event:
  task_id: 31
  host_id: 13

type: transfer_finished
time: 24.08507294965461
host: 55_VM
event:
  file_id: 55
  sender: 6
  receiver: 55

type: transfer_finished
time: 24.08507294965461
host: 6_VM
event:
  file_id: 55
  sender: 6
  receiver: 21

type: task_started
time: 24.08507294965461
host: 6_VM
event:
  task_id: 35
  host_id: 21

type: transfer_finished
time: 24.08507294965461
host: 6_VM
event:
  file_id: 55
  sender: 6
  receiver: 24

type: task_started
time: 24.08507294965461
host: 6_VM
event:
  task_id: 37
  host_id: 24

type: transfer_finished
time: 24.08507858132855
host: 47_VM
event:
  file_id: 55
  sender: 6
  receiver: 47

type: transfer_finished
time: 24.08507858132855
host: 6_VM
event:
  file_id: 55
  sender: 6
  receiver: 49

type: transfer_finished
time: 24.08507858132855
host: 6_VM
event:
  file_id: 55
  sender: 6
  receiver: 44

type: task_started
time: 24.08507858132855
host: 47_VM
event:
  task_id: 45
  host_id: 47

type: task_finished
time: 24.15199751552786
host: 49_VM
event:
  task_id: 84
  host_id: 49

type: task_started
time: 24.15199751552786
host: 49_VM
event:
  task_id: 41
  host_id: 49

type: transfer_started
time: 24.15202353552786
host: 49_VM
event:
  file_id: 138
  sender: 49
  receiver: 39

type: transfer_finished
time: 24.1520365049093
host: 39_VM
event:
  file_id: 138
  sender: 49
  receiver: 39

type: transfer_started
time: 24.1520495149093
host: 49_VM
event:
  file_id: 138
  sender: 49
  receiver: 62

type: transfer_finished
time: 24.15206248429075
host: 62_VM
event:
  file_id: 138
  sender: 49
  receiver: 62

type: task_finished
time: 24.17446851739142
host: 55_VM
event:
  task_id: 72
  host_id: 55

type: task_started
time: 24.17446851739142
host: 55_VM
event:
  task_id: 39
  host_id: 55

type: transfer_started
time: 24.17449453739142
host: 55_VM
event:
  file_id: 126
  sender: 55
  receiver: 39

type: transfer_finished
time: 24.17450750677287
host: 39_VM
event:
  file_id: 126
  sender: 55
  receiver: 39

type: transfer_started
time: 24.17452051677287
host: 55_VM
event:
  file_id: 126
  sender: 55
  receiver: 18

type: transfer_finished
time: 24.17453348615431
host: 18_VM
event:
  file_id: 126
  sender: 55
  receiver: 18

type: task_started
time: 24.17453348615431
host: 18_VM
event:
  task_id: 73
  host_id: 18

type: task_finished
time: 24.21978027092183
host: 2_VM
event:
  task_id: 48
  host_id: 2

type: task_started
time: 24.21978027092183
host: 2_VM
event:
  task_id: 11
  host_id: 2

type: transfer_started
time: 24.21980629092183
host: 2_VM
event:
  file_id: 102
  sender: 2
  receiver: 39

type: transfer_finished
time: 24.21981926030328
host: 39_VM
event:
  file_id: 102
  sender: 2
  receiver: 39

type: transfer_started
time: 24.21983227030328
host: 2_VM
event:
  file_id: 102
  sender: 2
  receiver: 3

type: transfer_finished
time: 24.21984523968472
host: 3_VM
event:
  file_id: 102
  sender: 2
  receiver: 3

type: task_started
time: 24.21984523968472
host: 3_VM
event:
  task_id: 49
  host_id: 3

type: task_finished
time: 24.28958095402571
host: 41_VM
event:
  task_id: 99
  host_id: 41

type: transfer_started
time: 24.28960697402571
host: 41_VM
event:
  file_id: 153
  sender: 41
  receiver: 50

type: transfer_finished
time: 24.28960697402571
host: 50_VM
event:
  file_id: 153
  sender: 41
  receiver: 50

type: task_finished
time: 24.78506248429075
host: 53_VM
event:
  task_id: 87
  host_id: 53

type: transfer_started
time: 24.78508850429075
host: 53_VM
event:
  file_id: 141
  sender: 53
  receiver: 50

type: transfer_finished
time: 24.78508850429075
host: 50_VM
event:
  file_id: 141
  sender: 53
  receiver: 50

type: task_finished
time: 24.95403348615431
host: 18_VM
event:
  task_id: 73
  host_id: 18

type: transfer_started
time: 24.95405950615431
host: 18_VM
event:
  file_id: 127
  sender: 18
  receiver: 50

type: transfer_finished
time: 24.95405950615431
host: 50_VM
event:
  file_id: 127
  sender: 18
  receiver: 50

type: task_finished
time: 25.01984523968472
host: 3_VM
event:
  task_id: 49
  host_id: 3

type: transfer_started
time: 25.01987125968472
host: 3_VM
event:
  file_id: 103
  sender: 3
  receiver: 50

type: transfer_finished
time: 25.01987125968472
host: 50_VM
event:
  file_id: 103
  sender: 3
  receiver: 50

type: task_finished
time: 25.02680392546728
host: 31_VM
event:
  task_id: 74
  host_id: 31

type: transfer_started
time: 25.02682994546728
host: 31_VM
event:
  file_id: 128
  sender: 31
  receiver: 39

type: transfer_finished
time: 25.02684291484873
host: 39_VM
event:
  file_id: 128
  sender: 31
  receiver: 39

type: transfer_started
time: 25.02685592484873
host: 31_VM
event:
  file_id: 128
  sender: 31
  receiver: 13

type: transfer_finished
time: 25.02686889423017
host: 13_VM
event:
  file_id: 128
  sender: 31
  receiver: 13

type: task_finished
time: 25.23799751552786
host: 49_VM
event:
  task_id: 41
  host_id: 49

type: transfer_started
time: 25.23802353552786
host: 49_VM
event:
  file_id: 94
  sender: 49
  receiver: 39

type: transfer_finished
time: 25.2380365049093
host: 39_VM
event:
  file_id: 94
  sender: 49
  receiver: 39

type: transfer_started
time: 25.2380495149093
host: 49_VM
event:
  file_id: 94
  sender: 49
  receiver: 17

type: transfer_finished
time: 25.23806248429075
host: 17_VM
event:
  file_id: 94
  sender: 49
  receiver: 17

type: task_finished
time: 25.41378027092183
host: 2_VM
event:
  task_id: 11
  host_id: 2

type: task_started
time: 25.41378027092183
host: 2_VM
event:
  task_id: 15
  host_id: 2

type: transfer_started
time: 25.41380629092183
host: 2_VM
event:
  file_id: 64
  sender: 2
  receiver: 39

type: transfer_finished
time: 25.41381926030327
host: 39_VM
event:
  file_id: 64
  sender: 2
  receiver: 39

type: transfer_started
time: 25.41383227030327
host: 2_VM
event:
  file_id: 64
  sender: 2
  receiver: 51

type: transfer_finished
time: 25.41384523968472
host: 51_VM
event:
  file_id: 64
  sender: 2
  receiver: 51

type: task_finished
time: 25.43249751552786
host: 22_VM
event:
  task_id: 66
  host_id: 22

type: transfer_started
time: 25.43252353552786
host: 22_VM
event:
  file_id: 120
  sender: 22
  receiver: 39

type: transfer_finished
time: 25.4325365049093
host: 39_VM
event:
  file_id: 120
  sender: 22
  receiver: 39

type: transfer_started
time: 25.4325495149093
host: 22_VM
event:
  file_id: 120
  sender: 22
  receiver: 19

type: transfer_finished
time: 25.43256248429075
host: 19_VM
event:
  file_id: 120
  sender: 22
  receiver: 19

type: task_started
time: 25.43256248429075
host: 19_VM
event:
  task_id: 67
  host_id: 19

type: task_finished
time: 26.07802934117291
host: 61_VM
event:
  task_id: 25
  host_id: 61

type: transfer_started
time: 26.07805536117291
host: 61_VM
event:
  file_id: 78
  sender: 61
  receiver: 39

type: transfer_finished
time: 26.07806833055435
host: 39_VM
event:
  file_id: 78
  sender: 61
  receiver: 39

type: transfer_started
time: 26.07808134055435
host: 61_VM
event:
  file_id: 78
  sender: 61
  receiver: 30

type: transfer_finished
time: 26.0780943099358
host: 30_VM
event:
  file_id: 78
  sender: 61
  receiver: 30

type: task_finished
time: 26.21306248429075
host: 19_VM
event:
  task_id: 67
  host_id: 19

type: transfer_started
time: 26.21308850429075
host: 19_VM
event:
  file_id: 121
  sender: 19
  receiver: 50

type: transfer_finished
time: 26.21308850429075
host: 50_VM
event:
  file_id: 121
  sender: 19
  receiver: 50

type: task_finished
time: 26.29301598526283
host: 17_VM
event:
  task_id: 88
  host_id: 17

type: task_started
time: 26.29301598526283
host: 17_VM
event:
  task_id: 82
  host_id: 17

type: transfer_started
time: 26.29304200526283
host: 17_VM
event:
  file_id: 142
  sender: 17
  receiver: 39

type: transfer_finished
time: 26.29305497464427
host: 39_VM
event:
  file_id: 142
  sender: 17
  receiver: 39

type: transfer_started
time: 26.29306798464427
host: 17_VM
event:
  file_id: 142
  sender: 17
  receiver: 60

type: transfer_finished
time: 26.29308095402572
host: 60_VM
event:
  file_id: 142
  sender: 17
  receiver: 60

type: task_started
time: 26.29308095402572
host: 60_VM
event:
  task_id: 89
  host_id: 60

type: task_finished
time: 26.3270071735964
host: 36_VM
event:
  task_id: 17
  host_id: 36

type: transfer_started
time: 26.3270331935964
host: 36_VM
event:
  file_id: 70
  sender: 36
  receiver: 39

type: transfer_finished
time: 26.32704616297784
host: 39_VM
event:
  file_id: 70
  sender: 36
  receiver: 39

type: transfer_started
time: 26.32705917297784
host: 36_VM
event:
  file_id: 70
  sender: 36
  receiver: 30

type: transfer_finished
time: 26.32707214235929
host: 30_VM
event:
  file_id: 70
  sender: 36
  receiver: 30

type: task_finished
time: 26.32751884923742
host: 58_VM
event:
  task_id: 19
  host_id: 58

type: transfer_started
time: 26.32754486923742
host: 58_VM
event:
  file_id: 72
  sender: 58
  receiver: 39

type: transfer_finished
time: 26.32755783861887
host: 39_VM
event:
  file_id: 72
  sender: 58
  receiver: 39

type: transfer_started
time: 26.32757084861887
host: 58_VM
event:
  file_id: 72
  sender: 58
  receiver: 12

type: transfer_finished
time: 26.32758381800031
host: 12_VM
event:
  file_id: 72
  sender: 58
  receiver: 12

type: task_started
time: 26.32758381800031
host: 12_VM
event:
  task_id: 20
  host_id: 12

type: task_finished
time: 26.35256494207719
host: 21_VM
event:
  task_id: 35
  host_id: 21

type: transfer_started
time: 26.35259096207719
host: 21_VM
event:
  file_id: 88
  sender: 21
  receiver: 39

type: transfer_finished
time: 26.35260393145863
host: 39_VM
event:
  file_id: 88
  sender: 21
  receiver: 39

type: transfer_started
time: 26.35261694145863
host: 21_VM
event:
  file_id: 88
  sender: 21
  receiver: 56

type: transfer_finished
time: 26.35262991084008
host: 56_VM
event:
  file_id: 88
  sender: 21
  receiver: 56

type: task_started
time: 26.35262991084008
host: 56_VM
event:
  task_id: 36
  host_id: 56

type: task_finished
time: 26.40162991084008
host: 56_VM
event:
  task_id: 36
  host_id: 56

type: transfer_started
time: 26.40165593084008
host: 56_VM
event:
  file_id: 89
  sender: 56
  receiver: 50

type: transfer_finished
time: 26.40165593084008
host: 50_VM
event:
  file_id: 89
  sender: 56
  receiver: 50

type: task_finished
time: 26.48856494207719
host: 13_VM
event:
  task_id: 31
  host_id: 13

type: task_started
time: 26.48856494207719
host: 13_VM
event:
  task_id: 56
  host_id: 13

type: transfer_started
time: 26.48859096207719
host: 13_VM
event:
  file_id: 84
  sender: 13
  receiver: 39

type: transfer_finished
time: 26.48860393145864
host: 39_VM
event:
  file_id: 84
  sender: 13
  receiver: 39

type: transfer_started
time: 26.48861694145864
host: 13_VM
event:
  file_id: 84
  sender: 13
  receiver: 30

type: transfer_finished
time: 26.48862991084008
host: 30_VM
event:
  file_id: 84
  sender: 13
  receiver: 30

type: task_started
time: 26.48862991084008
host: 30_VM
event:
  task_id: 32
  host_id: 30

type: task_finished
time: 26.49396851739142
host: 55_VM
event:
  task_id: 39
  host_id: 55

type: transfer_started
time: 26.49399453739142
host: 55_VM
event:
  file_id: 92
  sender: 55
  receiver: 39

type: transfer_finished
time: 26.49400750677287
host: 39_VM
event:
  file_id: 92
  sender: 55
  receiver: 39

type: transfer_started
time: 26.49402051677287
host: 55_VM
event:
  file_id: 92
  sender: 55
  receiver: 1

type: transfer_finished
time: 26.49403348615431
host: 1_VM
event:
  file_id: 92
  sender: 55
  receiver: 1

type: task_started
time: 26.49403348615431
host: 1_VM
event:
  task_id: 40
  host_id: 1

type: task_finished
time: 26.59706494207719
host: 57_VM
event:
  task_id: 33
  host_id: 57

type: transfer_started
time: 26.59709096207719
host: 57_VM
event:
  file_id: 86
  sender: 57
  receiver: 39

type: transfer_finished
time: 26.59710393145864
host: 39_VM
event:
  file_id: 86
  sender: 57
  receiver: 39

type: transfer_started
time: 26.59711694145864
host: 57_VM
event:
  file_id: 86
  sender: 57
  receiver: 24

type: transfer_finished
time: 26.59712991084008
host: 24_VM
event:
  file_id: 86
  sender: 57
  receiver: 24

type: task_finished
time: 26.60202934117291
host: 23_VM
event:
  task_id: 23
  host_id: 23

type: transfer_started
time: 26.60205536117291
host: 23_VM
event:
  file_id: 76
  sender: 23
  receiver: 39

type: transfer_finished
time: 26.60206833055435
host: 39_VM
event:
  file_id: 76
  sender: 23
  receiver: 39

type: transfer_started
time: 26.60208134055435
host: 23_VM
event:
  file_id: 76
  sender: 23
  receiver: 14

type: transfer_finished
time: 26.6020943099358
host: 14_VM
event:
  file_id: 76
  sender: 23
  receiver: 14

type: task_started
time: 26.6020943099358
host: 14_VM
event:
  task_id: 24
  host_id: 14

type: task_finished
time: 26.67706494207719
host: 24_VM
event:
  task_id: 37
  host_id: 24

type: task_started
time: 26.67706494207719
host: 24_VM
event:
  task_id: 54
  host_id: 24

type: transfer_started
time: 26.67709096207719
host: 24_VM
event:
  file_id: 90
  sender: 24
  receiver: 39

type: transfer_finished
time: 26.67710393145864
host: 39_VM
event:
  file_id: 90
  sender: 24
  receiver: 39

type: transfer_started
time: 26.67711694145864
host: 24_VM
event:
  file_id: 90
  sender: 24
  receiver: 8

type: transfer_finished
time: 26.67712991084008
host: 8_VM
event:
  file_id: 90
  sender: 24
  receiver: 8

type: task_started
time: 26.67712991084008
host: 8_VM
event:
  task_id: 38
  host_id: 8

type: task_finished
time: 26.67744686205675
host: 7_VM
event:
  task_id: 9
  host_id: 7

type: transfer_started
time: 26.67747288205675
host: 7_VM
event:
  file_id: 62
  sender: 7
  receiver: 39

type: transfer_finished
time: 26.6774858514382
host: 39_VM
event:
  file_id: 62
  sender: 7
  receiver: 39

type: transfer_started
time: 26.6774988614382
host: 7_VM
event:
  file_id: 62
  sender: 7
  receiver: 28

type: transfer_finished
time: 26.67751183081964
host: 28_VM
event:
  file_id: 62
  sender: 7
  receiver: 28

type: task_started
time: 26.67751183081964
host: 28_VM
event:
  task_id: 10
  host_id: 28

type: task_finished
time: 26.7183841544369
host: 29_VM
event:
  task_id: 3
  host_id: 29

type: transfer_started
time: 26.7184101744369
host: 29_VM
event:
  file_id: 56
  sender: 29
  receiver: 39

type: transfer_finished
time: 26.71842314381835
host: 39_VM
event:
  file_id: 56
  sender: 29
  receiver: 39

type: transfer_started
time: 26.71843615381835
host: 29_VM
event:
  file_id: 56
  sender: 29
  receiver: 20

type: transfer_finished
time: 26.71844912319979
host: 20_VM
event:
  file_id: 56
  sender: 29
  receiver: 20

type: task_finished
time: 26.83042784744137
host: 9_VM
event:
  task_id: 7
  host_id: 9

type: transfer_started
time: 26.83045386744137
host: 9_VM
event:
  file_id: 60
  sender: 9
  receiver: 39

type: transfer_finished
time: 26.83046683682281
host: 39_VM
event:
  file_id: 60
  sender: 9
  receiver: 39

type: transfer_started
time: 26.83047984682281
host: 9_VM
event:
  file_id: 60
  sender: 9
  receiver: 20

type: transfer_finished
time: 26.83049281620426
host: 20_VM
event:
  file_id: 60
  sender: 9
  receiver: 20

type: task_finished
time: 27.07858095402571
host: 60_VM
event:
  task_id: 89
  host_id: 60

type: transfer_started
time: 27.07860697402571
host: 60_VM
event:
  file_id: 143
  sender: 60
  receiver: 50

type: transfer_finished
time: 27.07860697402571
host: 50_VM
event:
  file_id: 143
  sender: 60
  receiver: 50

type: task_finished
time: 27.13008381800031
host: 12_VM
event:
  task_id: 20
  host_id: 12

type: transfer_started
time: 27.13010983800031
host: 12_VM
event:
  file_id: 73
  sender: 12
  receiver: 50

type: transfer_finished
time: 27.13010983800031
host: 50_VM
event:
  file_id: 73
  sender: 12
  receiver: 50

type: task_finished
time: 27.14852934117291
host: 54_VM
event:
  task_id: 21
  host_id: 54

type: transfer_started
time: 27.14855536117291
host: 54_VM
event:
  file_id: 74
  sender: 54
  receiver: 39

type: transfer_finished
time: 27.14856833055435
host: 39_VM
event:
  file_id: 74
  sender: 54
  receiver: 39

type: transfer_started
time: 27.14858134055435
host: 54_VM
event:
  file_id: 74
  sender: 54
  receiver: 16

type: transfer_finished
time: 27.1485943099358
host: 16_VM
event:
  file_id: 74
  sender: 54
  receiver: 16

type: task_started
time: 27.1485943099358
host: 16_VM
event:
  task_id: 22
  host_id: 16

type: task_finished
time: 27.27362991084008
host: 30_VM
event:
  task_id: 32
  host_id: 30

type: task_started
time: 27.27362991084008
host: 30_VM
event:
  task_id: 18
  host_id: 30

type: transfer_started
time: 27.27365593084008
host: 30_VM
event:
  file_id: 85
  sender: 30
  receiver: 50

type: transfer_finished
time: 27.27365593084008
host: 50_VM
event:
  file_id: 85
  sender: 30
  receiver: 50

type: task_finished
time: 27.30212991084008
host: 30_VM
event:
  task_id: 18
  host_id: 30

type: task_started
time: 27.30212991084008
host: 30_VM
event:
  task_id: 26
  host_id: 30

type: transfer_started
time: 27.30215593084008
host: 30_VM
event:
  file_id: 71
  sender: 30
  receiver: 50

type: transfer_finished
time: 27.30215593084008
host: 50_VM
event:
  file_id: 71
  sender: 30
  receiver: 50

type: task_finished
time: 27.31055366356681
host: 42_VM
event:
  task_id: 29
  host_id: 42

type: transfer_started
time: 27.31057968356681
host: 42_VM
event:
  file_id: 82
  sender: 42
  receiver: 39

type: transfer_finished
time: 27.31059265294826
host: 39_VM
event:
  file_id: 82
  sender: 42
  receiver: 39

type: transfer_started
time: 27.31060566294826
host: 42_VM
event:
  file_id: 82
  sender: 42
  receiver: 62

type: transfer_finished
time: 27.3106186323297
host: 62_VM
event:
  file_id: 82
  sender: 42
  receiver: 62

type: task_started
time: 27.3106186323297
host: 62_VM
event:
  task_id: 30
  host_id: 62

type: task_finished
time: 27.31553348615431
host: 1_VM
event:
  task_id: 40
  host_id: 1

type: transfer_started
time: 27.31555950615431
host: 1_VM
event:
  file_id: 93
  sender: 1
  receiver: 50

type: transfer_finished
time: 27.31555950615431
host: 50_VM
event:
  file_id: 93
  sender: 1
  receiver: 50

type: task_finished
time: 27.37162991084008
host: 30_VM
event:
  task_id: 26
  host_id: 30

type: transfer_started
time: 27.37165593084008
host: 30_VM
event:
  file_id: 79
  sender: 30
  receiver: 50

type: transfer_finished
time: 27.37165593084008
host: 50_VM
event:
  file_id: 79
  sender: 30
  receiver: 50

type: task_finished
time: 27.38157858132855
host: 47_VM
event:
  task_id: 45
  host_id: 47

type: transfer_started
time: 27.38160460132855
host: 47_VM
event:
  file_id: 98
  sender: 47
  receiver: 39

type: transfer_finished
time: 27.38161757071
host: 39_VM
event:
  file_id: 98
  sender: 47
  receiver: 39

type: transfer_started
time: 27.38163058071
host: 47_VM
event:
  file_id: 98
  sender: 47
  receiver: 27

type: transfer_finished
time: 27.38164355009144
host: 27_VM
event:
  file_id: 98
  sender: 47
  receiver: 27

type: task_started
time: 27.38164355009144
host: 27_VM
event:
  task_id: 46
  host_id: 27

type: task_finished
time: 27.38251598526282
host: 17_VM
event:
  task_id: 82
  host_id: 17

type: task_started
time: 27.38251598526282
host: 17_VM
event:
  task_id: 62
  host_id: 17

type: transfer_started
time: 27.38254200526282
host: 17_VM
event:
  file_id: 136
  sender: 17
  receiver: 39

type: transfer_finished
time: 27.38255497464427
host: 39_VM
event:
  file_id: 136
  sender: 17
  receiver: 39

type: transfer_started
time: 27.38256798464427
host: 17_VM
event:
  file_id: 136
  sender: 17
  receiver: 25

type: transfer_finished
time: 27.38258095402571
host: 25_VM
event:
  file_id: 136
  sender: 17
  receiver: 25

type: task_started
time: 27.38258095402571
host: 25_VM
event:
  task_id: 83
  host_id: 25

type: task_finished
time: 27.3980943099358
host: 14_VM
event:
  task_id: 24
  host_id: 14

type: transfer_started
time: 27.3981203299358
host: 14_VM
event:
  file_id: 77
  sender: 14
  receiver: 50

type: transfer_finished
time: 27.3981203299358
host: 50_VM
event:
  file_id: 77
  sender: 14
  receiver: 50

type: task_finished
time: 27.49762991084008
host: 8_VM
event:
  task_id: 38
  host_id: 8

type: transfer_started
time: 27.49765593084008
host: 8_VM
event:
  file_id: 91
  sender: 8
  receiver: 50

type: transfer_finished
time: 27.49765593084008
host: 50_VM
event:
  file_id: 91
  sender: 8
  receiver: 50

type: task_finished
time: 27.50801183081964
host: 28_VM
event:
  task_id: 10
  host_id: 28

type: transfer_started
time: 27.50803785081964
host: 28_VM
event:
  file_id: 63
  sender: 28
  receiver: 50

type: transfer_finished
time: 27.50803785081964
host: 50_VM
event:
  file_id: 63
  sender: 28
  receiver: 50

type: task_finished
time: 27.59997993591167
host: 63_VM
event:
  task_id: 13
  host_id: 63

type: transfer_started
time: 27.60000595591167
host: 63_VM
event:
  file_id: 66
  sender: 63
  receiver: 39

type: transfer_finished
time: 27.60001892529311
host: 39_VM
event:
  file_id: 66
  sender: 63
  receiver: 39

type: transfer_started
time: 27.60003193529311
host: 63_VM
event:
  file_id: 66
  sender: 63
  receiver: 4

type: transfer_finished
time: 27.60004490467456
host: 4_VM
event:
  file_id: 66
  sender: 63
  receiver: 4

type: task_started
time: 27.60004490467456
host: 4_VM
event:
  task_id: 14
  host_id: 4

type: task_finished
time: 27.65104490467456
host: 4_VM
event:
  task_id: 14
  host_id: 4

type: transfer_started
time: 27.65107092467456
host: 4_VM
event:
  file_id: 67
  sender: 4
  receiver: 50

type: transfer_finished
time: 27.65107092467456
host: 50_VM
event:
  file_id: 67
  sender: 4
  receiver: 50

type: task_finished
time: 27.78640699808239
host: 40_VM
event:
  task_id: 5
  host_id: 40

type: transfer_started
time: 27.78643301808239
host: 40_VM
event:
  file_id: 58
  sender: 40
  receiver: 39

type: transfer_finished
time: 27.78644598746384
host: 39_VM
event:
  file_id: 58
  sender: 40
  receiver: 39

type: transfer_started
time: 27.78645899746384
host: 40_VM
event:
  file_id: 58
  sender: 40
  receiver: 13

type: transfer_finished
time: 27.78647196684528
host: 13_VM
event:
  file_id: 58
  sender: 40
  receiver: 13

type: task_finished
time: 27.90405366356681
host: 20_VM
event:
  task_id: 27
  host_id: 20

type: task_started
time: 27.90405366356681
host: 20_VM
event:
  task_id: 8
  host_id: 20

type: transfer_started
time: 27.90407968356681
host: 20_VM
event:
  file_id: 80
  sender: 20
  receiver: 39

type: transfer_finished
time: 27.90409265294826
host: 39_VM
event:
  file_id: 80
  sender: 20
  receiver: 39

type: transfer_started
time: 27.90410566294826
host: 20_VM
event:
  file_id: 80
  sender: 20
  receiver: 44

type: transfer_finished
time: 27.9041186323297
host: 44_VM
event:
  file_id: 80
  sender: 20
  receiver: 44

type: task_started
time: 27.9041186323297
host: 44_VM
event:
  task_id: 28
  host_id: 44

type: task_finished
time: 27.9405943099358
host: 16_VM
event:
  task_id: 22
  host_id: 16

type: task_started
time: 27.9405943099358
host: 16_VM
event:
  task_id: 58
  host_id: 16

type: transfer_started
time: 27.9406203299358
host: 16_VM
event:
  file_id: 75
  sender: 16
  receiver: 50

type: transfer_finished
time: 27.9406203299358
host: 50_VM
event:
  file_id: 75
  sender: 16
  receiver: 50

type: task_finished
time: 27.96255366356681
host: 20_VM
event:
  task_id: 8
  host_id: 20

type: task_started
time: 27.96255366356681
host: 20_VM
event:
  task_id: 4
  host_id: 20

type: transfer_started
time: 27.96257968356681
host: 20_VM
event:
  file_id: 61
  sender: 20
  receiver: 50

type: transfer_finished
time: 27.96257968356681
host: 50_VM
event:
  file_id: 61
  sender: 20
  receiver: 50

type: task_finished
time: 28.01505366356681
host: 20_VM
event:
  task_id: 4
  host_id: 20

type: transfer_started
time: 28.01507968356681
host: 20_VM
event:
  file_id: 57
  sender: 20
  receiver: 50

type: transfer_finished
time: 28.01507968356681
host: 50_VM
event:
  file_id: 57
  sender: 20
  receiver: 50

type: task_finished
time: 28.0961186323297
host: 62_VM
event:
  task_id: 30
  host_id: 62

type: task_started
time: 28.0961186323297
host: 62_VM
event:
  task_id: 77
  host_id: 62

type: transfer_started
time: 28.0961446523297
host: 62_VM
event:
  file_id: 83
  sender: 62
  receiver: 50

type: transfer_finished
time: 28.0961446523297
host: 50_VM
event:
  file_id: 83
  sender: 62
  receiver: 50

type: task_finished
time: 28.1386186323297
host: 62_VM
event:
  task_id: 77
  host_id: 62

type: task_started
time: 28.1386186323297
host: 62_VM
event:
  task_id: 85
  host_id: 62

type: transfer_started
time: 28.1386446523297
host: 62_VM
event:
  file_id: 131
  sender: 62
  receiver: 50

type: transfer_finished
time: 28.1386446523297
host: 50_VM
event:
  file_id: 131
  sender: 62
  receiver: 50

type: task_finished
time: 28.1711186323297
host: 62_VM
event:
  task_id: 85
  host_id: 62

type: transfer_started
time: 28.1711446523297
host: 62_VM
event:
  file_id: 139
  sender: 62
  receiver: 50

type: transfer_finished
time: 28.1711446523297
host: 50_VM
event:
  file_id: 139
  sender: 62
  receiver: 50

type: task_finished
time: 28.17164355009144
host: 27_VM
event:
  task_id: 46
  host_id: 27

type: transfer_started
time: 28.17166957009144
host: 27_VM
event:
  file_id: 99
  sender: 27
  receiver: 50

type: transfer_finished
time: 28.17166957009144
host: 50_VM
event:
  file_id: 99
  sender: 27
  receiver: 50

type: task_finished
time: 28.21008095402571
host: 25_VM
event:
  task_id: 83
  host_id: 25

type: transfer_started
time: 28.21010697402571
host: 25_VM
event:
  file_id: 137
  sender: 25
  receiver: 50

type: transfer_finished
time: 28.21010697402571
host: 50_VM
event:
  file_id: 137
  sender: 25
  receiver: 50

type: task_finished
time: 28.24178027092183
host: 2_VM
event:
  task_id: 15
  host_id: 2

type: task_started
time: 28.24178027092183
host: 2_VM
event:
  task_id: 51
  host_id: 2

type: transfer_started
time: 28.24180629092183
host: 2_VM
event:
  file_id: 68
  sender: 2
  receiver: 39

type: transfer_finished
time: 28.24181926030327
host: 39_VM
event:
  file_id: 68
  sender: 2
  receiver: 39

type: transfer_started
time: 28.24183227030327
host: 2_VM
event:
  file_id: 68
  sender: 2
  receiver: 51

type: transfer_finished
time: 28.24184523968472
host: 51_VM
event:
  file_id: 68
  sender: 2
  receiver: 51

type: task_started
time: 28.24184523968472
host: 51_VM
event:
  task_id: 16
  host_id: 51

type: task_finished
time: 28.28056494207719
host: 13_VM
event:
  task_id: 56
  host_id: 13

type: task_started
time: 28.28056494207719
host: 13_VM
event:
  task_id: 6
  host_id: 13

type: transfer_started
time: 28.28059096207719
host: 13_VM
event:
  file_id: 110
  sender: 13
  receiver: 39

type: transfer_finished
time: 28.28060393145864
host: 39_VM
event:
  file_id: 110
  sender: 13
  receiver: 39

type: transfer_started
time: 28.28061694145864
host: 13_VM
event:
  file_id: 110
  sender: 13
  receiver: 27

type: transfer_finished
time: 28.28062991084008
host: 27_VM
event:
  file_id: 110
  sender: 13
  receiver: 27

type: task_started
time: 28.28062991084008
host: 27_VM
event:
  task_id: 57
  host_id: 27

type: task_finished
time: 28.29878027092183
host: 2_VM
event:
  task_id: 51
  host_id: 2

type: transfer_started
time: 28.29880629092183
host: 2_VM
event:
  file_id: 105
  sender: 2
  receiver: 50

type: transfer_finished
time: 28.29880629092183
host: 50_VM
event:
  file_id: 105
  sender: 2
  receiver: 50

type: task_finished
time: 28.30906494207719
host: 13_VM
event:
  task_id: 6
  host_id: 13

type: task_started
time: 28.30906494207719
host: 13_VM
event:
  task_id: 75
  host_id: 13

type: transfer_started
time: 28.30909096207719
host: 13_VM
event:
  file_id: 59
  sender: 13
  receiver: 50

type: transfer_finished
time: 28.30909096207719
host: 50_VM
event:
  file_id: 59
  sender: 13
  receiver: 50

type: task_finished
time: 28.31912991084008
host: 27_VM
event:
  task_id: 57
  host_id: 27

type: transfer_started
time: 28.31915593084008
host: 27_VM
event:
  file_id: 111
  sender: 27
  receiver: 50

type: transfer_finished
time: 28.31915593084008
host: 50_VM
event:
  file_id: 111
  sender: 27
  receiver: 50

type: task_finished
time: 28.35156494207719
host: 13_VM
event:
  task_id: 75
  host_id: 13

type: transfer_started
time: 28.35159096207719
host: 13_VM
event:
  file_id: 129
  sender: 13
  receiver: 50

type: transfer_finished
time: 28.35159096207719
host: 50_VM
event:
  file_id: 129
  sender: 13
  receiver: 50

type: task_finished
time: 28.7276186323297
host: 44_VM
event:
  task_id: 28
  host_id: 44

type: task_started
time: 28.7276186323297
host: 44_VM
event:
  task_id: 43
  host_id: 44

type: transfer_started
time: 28.7276446523297
host: 44_VM
event:
  file_id: 81
  sender: 44
  receiver: 50

type: transfer_finished
time: 28.7276446523297
host: 50_VM
event:
  file_id: 81
  sender: 44
  receiver: 50

type: task_finished
time: 28.90451598526282
host: 17_VM
event:
  task_id: 62
  host_id: 17

type: task_started
time: 28.90451598526282
host: 17_VM
event:
  task_id: 42
  host_id: 17

type: transfer_started
time: 28.90454200526282
host: 17_VM
event:
  file_id: 116
  sender: 17
  receiver: 39

type: transfer_finished
time: 28.90455497464427
host: 39_VM
event:
  file_id: 116
  sender: 17
  receiver: 39

type: transfer_started
time: 28.90456798464427
host: 17_VM
event:
  file_id: 116
  sender: 17
  receiver: 45

type: transfer_finished
time: 28.90458095402571
host: 45_VM
event:
  file_id: 116
  sender: 17
  receiver: 45

type: task_started
time: 28.90458095402571
host: 45_VM
event:
  task_id: 63
  host_id: 45

type: task_finished
time: 28.97551598526282
host: 17_VM
event:
  task_id: 42
  host_id: 17

type: task_started
time: 28.97551598526282
host: 17_VM
event:
  task_id: 64
  host_id: 17

type: transfer_started
time: 28.97554200526282
host: 17_VM
event:
  file_id: 95
  sender: 17
  receiver: 50

type: transfer_finished
time: 28.97554200526282
host: 50_VM
event:
  file_id: 95
  sender: 17
  receiver: 50

type: task_finished
time: 29.02484523968472
host: 51_VM
event:
  task_id: 16
  host_id: 51

type: task_started
time: 29.02484523968472
host: 51_VM
event:
  task_id: 12
  host_id: 51

type: transfer_started
time: 29.02487125968472
host: 51_VM
event:
  file_id: 69
  sender: 51
  receiver: 50

type: transfer_finished
time: 29.02487125968472
host: 50_VM
event:
  file_id: 69
  sender: 51
  receiver: 50

type: task_finished
time: 29.07234523968472
host: 51_VM
event:
  task_id: 12
  host_id: 51

type: transfer_started
time: 29.07237125968472
host: 51_VM
event:
  file_id: 65
  sender: 51
  receiver: 50

type: transfer_finished
time: 29.07237125968472
host: 50_VM
event:
  file_id: 65
  sender: 51
  receiver: 50

type: task_finished
time: 29.20456494207719
host: 24_VM
event:
  task_id: 54
  host_id: 24

type: task_started
time: 29.20456494207719
host: 24_VM
event:
  task_id: 34
  host_id: 24

type: transfer_started
time: 29.20459096207719
host: 24_VM
event:
  file_id: 108
  sender: 24
  receiver: 39

type: transfer_finished
time: 29.20460393145864
host: 39_VM
event:
  file_id: 108
  sender: 24
  receiver: 39

type: transfer_started
time: 29.20461694145864
host: 24_VM
event:
  file_id: 108
  sender: 24
  receiver: 11

type: transfer_finished
time: 29.20462991084008
host: 11_VM
event:
  file_id: 108
  sender: 24
  receiver: 11

type: task_finished
time: 29.2785649420772
host: 24_VM
event:
  task_id: 34
  host_id: 24

type: transfer_started
time: 29.2785909620772
host: 24_VM
event:
  file_id: 87
  sender: 24
  receiver: 50

type: transfer_finished
time: 29.2785909620772
host: 50_VM
event:
  file_id: 87
  sender: 24
  receiver: 50

type: task_finished
time: 29.5300943099358
host: 16_VM
event:
  task_id: 58
  host_id: 16

type: transfer_started
time: 29.5301203299358
host: 16_VM
event:
  file_id: 112
  sender: 16
  receiver: 39

type: transfer_finished
time: 29.53013329931724
host: 39_VM
event:
  file_id: 112
  sender: 16
  receiver: 39

type: transfer_started
time: 29.53014630931724
host: 16_VM
event:
  file_id: 112
  sender: 16
  receiver: 59

type: transfer_finished
time: 29.53015927869869
host: 59_VM
event:
  file_id: 112
  sender: 16
  receiver: 59

type: task_started
time: 29.53015927869869
host: 59_VM
event:
  task_id: 59
  host_id: 59

type: task_finished
time: 29.72808095402571
host: 45_VM
event:
  task_id: 63
  host_id: 45

type: transfer_started
time: 29.72810697402571
host: 45_VM
event:
  file_id: 117
  sender: 45
  receiver: 50

type: transfer_finished
time: 29.72810697402571
host: 50_VM
event:
  file_id: 117
  sender: 45
  receiver: 50

type: task_finished
time: 30.09001598526282
host: 17_VM
event:
  task_id: 64
  host_id: 17

type: transfer_started
time: 30.09004200526282
host: 17_VM
event:
  file_id: 118
  sender: 17
  receiver: 39

type: transfer_finished
time: 30.09005497464427
host: 39_VM
event:
  file_id: 118
  sender: 17
  receiver: 39

type: transfer_started
time: 30.09006798464427
host: 17_VM
event:
  file_id: 118
  sender: 17
  receiver: 11

type: transfer_finished
time: 30.09008095402571
host: 11_VM
event:
  file_id: 118
  sender: 17
  receiver: 11

type: task_started
time: 30.09008095402571
host: 11_VM
event:
  task_id: 65
  host_id: 11

type: task_finished
time: 30.35915927869869
host: 59_VM
event:
  task_id: 59
  host_id: 59

type: transfer_started
time: 30.35918529869869
host: 59_VM
event:
  file_id: 113
  sender: 59
  receiver: 50

type: transfer_finished
time: 30.35918529869869
host: 50_VM
event:
  file_id: 113
  sender: 59
  receiver: 50

type: task_finished
time: 30.5351186323297
host: 44_VM
event:
  task_id: 43
  host_id: 44

type: transfer_started
time: 30.5351446523297
host: 44_VM
event:
  file_id: 96
  sender: 44
  receiver: 39

type: transfer_finished
time: 30.53515762171115
host: 39_VM
event:
  file_id: 96
  sender: 44
  receiver: 39

type: task_started
time: 30.53515762171115
host: 39_VM
event:
  task_id: 1
  host_id: 39

type: transfer_started
time: 30.53517063171115
host: 44_VM
event:
  file_id: 96
  sender: 44
  receiver: 54

type: transfer_finished
time: 30.53518360109259
host: 54_VM
event:
  file_id: 96
  sender: 44
  receiver: 54

type: task_started
time: 30.53518360109259
host: 54_VM
event:
  task_id: 44
  host_id: 54

type: task_finished
time: 30.56568360109259
host: 54_VM
event:
  task_id: 44
  host_id: 54

type: transfer_started
time: 30.56570962109259
host: 54_VM
event:
  file_id: 97
  sender: 54
  receiver: 50

type: transfer_finished
time: 30.56570962109259
host: 50_VM
event:
  file_id: 97
  sender: 54
  receiver: 50

type: task_finished
time: 30.87908095402571
host: 11_VM
event:
  task_id: 65
  host_id: 11

type: task_started
time: 30.87908095402571
host: 11_VM
event:
  task_id: 55
  host_id: 11

type: transfer_started
time: 30.87910697402571
host: 11_VM
event:
  file_id: 119
  sender: 11
  receiver: 50

type: transfer_finished
time: 30.87910697402571
host: 50_VM
event:
  file_id: 119
  sender: 11
  receiver: 50

type: task_finished
time: 30.94508095402571
host: 11_VM
event:
  task_id: 55
  host_id: 11

type: transfer_started
time: 30.94510697402571
host: 11_VM
event:
  file_id: 109
  sender: 11
  receiver: 50

type: transfer_finished
time: 30.94510697402571
host: 50_VM
event:
  file_id: 109
  sender: 11
  receiver: 50

type: task_started
time: 30.94510697402571
host: 50_VM
event:
  task_id: 0
  host_id: 50

type: task_finished
time: 30.98010697402571
host: 50_VM
event:
  task_id: 0
  host_id: 50

type: task_finished
time: 31.31715762171115
host: 39_VM
event:
  task_id: 1
  host_id: 39

